<?xml version="1.0" encoding="UTF-8"?>
<testng-results skipped="0" failed="0" ignored="0" total="1" passed="1">
  <reporter-output>
  </reporter-output>
  <suite name="Default suite" duration-ms="2313" started-at="2018-11-14T07:43:22Z" finished-at="2018-11-14T07:43:25Z">
    <groups>
    </groups>
    <test name="Default test" duration-ms="2313" started-at="2018-11-14T07:43:22Z" finished-at="2018-11-14T07:43:25Z">
      <class name="org.com.restassured.com.restAssured.GetData">
        <test-method status="PASS" signature="testResponseCode()[pri:0, instance:org.com.restassured.com.restAssured.GetData@51565ec2]" name="testResponseCode" duration-ms="2273" started-at="2018-11-14T07:43:22Z" finished-at="2018-11-14T07:43:25Z">
          <reporter-output>
          </reporter-output>
        </test-method> <!-- testResponseCode -->
      </class> <!-- org.com.restassured.com.restAssured.GetData -->
    </test> <!-- Default test -->
  </suite> <!-- Default suite -->
</testng-results>
